Traceback (most recent call last):
  File "/Users/rubiarg/.virtualenvs/cpsc554x/lib/python3.9/site-packages/jupyter_cache/executors/utils.py", line 51, in single_nb_execution
    executenb(
  File "/Users/rubiarg/.virtualenvs/cpsc554x/lib/python3.9/site-packages/nbclient/client.py", line 1117, in execute
    return NotebookClient(nb=nb, resources=resources, km=km, **kwargs).execute()
  File "/Users/rubiarg/.virtualenvs/cpsc554x/lib/python3.9/site-packages/nbclient/util.py", line 78, in wrapped
    return just_run(coro(*args, **kwargs))
  File "/Users/rubiarg/.virtualenvs/cpsc554x/lib/python3.9/site-packages/nbclient/util.py", line 57, in just_run
    return loop.run_until_complete(coro)
  File "/usr/local/Cellar/python@3.9/3.9.5/Frameworks/Python.framework/Versions/3.9/lib/python3.9/asyncio/base_events.py", line 642, in run_until_complete
    return future.result()
  File "/Users/rubiarg/.virtualenvs/cpsc554x/lib/python3.9/site-packages/nbclient/client.py", line 558, in async_execute
    await self.async_execute_cell(
  File "/Users/rubiarg/.virtualenvs/cpsc554x/lib/python3.9/site-packages/nbclient/client.py", line 862, in async_execute_cell
    self._check_raise_for_error(cell, exec_reply)
  File "/Users/rubiarg/.virtualenvs/cpsc554x/lib/python3.9/site-packages/nbclient/client.py", line 765, in _check_raise_for_error
    raise CellExecutionError.from_cell_and_msg(cell, exec_reply_content)
nbclient.exceptions.CellExecutionError: An error occurred while executing the following cell:
------------------
max_ = pd.Series(map(lambda x: x*1.2 if  x > 0 else x*0.8, X_ed.max()), ['Inertia', 'Instability', 'Variability'])
min_ = pd.Series(map(lambda x: x*1.2 if  x < 0 else x*0.8, X_ed.min()), ['Inertia', 'Instability', 'Variability'])
------------------

[0;31m---------------------------------------------------------------------------[0m
[0;31mTypeError[0m                                 Traceback (most recent call last)
[0;32m/var/folders/bl/2tw1vrc12mv_hqpbdf1j3wkw0000gn/T/ipykernel_60916/1448172652.py[0m in [0;36m<module>[0;34m[0m
[0;32m----> 1[0;31m [0mmax_[0m [0;34m=[0m [0mpd[0m[0;34m.[0m[0mSeries[0m[0;34m([0m[0mmap[0m[0;34m([0m[0;32mlambda[0m [0mx[0m[0;34m:[0m [0mx[0m[0;34m*[0m[0;36m1.2[0m [0;32mif[0m  [0mx[0m [0;34m>[0m [0;36m0[0m [0;32melse[0m [0mx[0m[0;34m*[0m[0;36m0.8[0m[0;34m,[0m [0mX_ed[0m[0;34m.[0m[0mmax[0m[0;34m([0m[0;34m)[0m[0;34m)[0m[0;34m,[0m [0;34m[[0m[0;34m'Inertia'[0m[0;34m,[0m [0;34m'Instability'[0m[0;34m,[0m [0;34m'Variability'[0m[0;34m][0m[0;34m)[0m[0;34m[0m[0;34m[0m[0m
[0m[1;32m      2[0m [0mmin_[0m [0;34m=[0m [0mpd[0m[0;34m.[0m[0mSeries[0m[0;34m([0m[0mmap[0m[0;34m([0m[0;32mlambda[0m [0mx[0m[0;34m:[0m [0mx[0m[0;34m*[0m[0;36m1.2[0m [0;32mif[0m  [0mx[0m [0;34m<[0m [0;36m0[0m [0;32melse[0m [0mx[0m[0;34m*[0m[0;36m0.8[0m[0;34m,[0m [0mX_ed[0m[0;34m.[0m[0mmin[0m[0;34m([0m[0;34m)[0m[0;34m)[0m[0;34m,[0m [0;34m[[0m[0;34m'Inertia'[0m[0;34m,[0m [0;34m'Instability'[0m[0;34m,[0m [0;34m'Variability'[0m[0;34m][0m[0;34m)[0m[0;34m[0m[0;34m[0m[0m

[0;32m~/.virtualenvs/cpsc554x/lib/python3.9/site-packages/pandas/core/series.py[0m in [0;36m__init__[0;34m(self, data, index, dtype, name, copy, fastpath)[0m
[1;32m    421[0m                 [0;32mpass[0m[0;34m[0m[0;34m[0m[0m
[1;32m    422[0m             [0;32melse[0m[0;34m:[0m[0;34m[0m[0;34m[0m[0m
[0;32m--> 423[0;31m                 [0mdata[0m [0;34m=[0m [0mcom[0m[0;34m.[0m[0mmaybe_iterable_to_list[0m[0;34m([0m[0mdata[0m[0;34m)[0m[0;34m[0m[0;34m[0m[0m
[0m[1;32m    424[0m [0;34m[0m[0m
[1;32m    425[0m             [0;32mif[0m [0mindex[0m [0;32mis[0m [0;32mNone[0m[0;34m:[0m[0;34m[0m[0;34m[0m[0m

[0;32m~/.virtualenvs/cpsc554x/lib/python3.9/site-packages/pandas/core/common.py[0m in [0;36mmaybe_iterable_to_list[0;34m(obj)[0m
[1;32m    290[0m     """
[1;32m    291[0m     [0;32mif[0m [0misinstance[0m[0;34m([0m[0mobj[0m[0;34m,[0m [0mabc[0m[0;34m.[0m[0mIterable[0m[0;34m)[0m [0;32mand[0m [0;32mnot[0m [0misinstance[0m[0;34m([0m[0mobj[0m[0;34m,[0m [0mabc[0m[0;34m.[0m[0mSized[0m[0;34m)[0m[0;34m:[0m[0;34m[0m[0;34m[0m[0m
[0;32m--> 292[0;31m         [0;32mreturn[0m [0mlist[0m[0;34m([0m[0mobj[0m[0;34m)[0m[0;34m[0m[0;34m[0m[0m
[0m[1;32m    293[0m     [0mobj[0m [0;34m=[0m [0mcast[0m[0;34m([0m[0mCollection[0m[0;34m,[0m [0mobj[0m[0;34m)[0m[0;34m[0m[0;34m[0m[0m
[1;32m    294[0m     [0;32mreturn[0m [0mobj[0m[0;34m[0m[0;34m[0m[0m

[0;32m/var/folders/bl/2tw1vrc12mv_hqpbdf1j3wkw0000gn/T/ipykernel_60916/1448172652.py[0m in [0;36m<lambda>[0;34m(x)[0m
[0;32m----> 1[0;31m [0mmax_[0m [0;34m=[0m [0mpd[0m[0;34m.[0m[0mSeries[0m[0;34m([0m[0mmap[0m[0;34m([0m[0;32mlambda[0m [0mx[0m[0;34m:[0m [0mx[0m[0;34m*[0m[0;36m1.2[0m [0;32mif[0m  [0mx[0m [0;34m>[0m [0;36m0[0m [0;32melse[0m [0mx[0m[0;34m*[0m[0;36m0.8[0m[0;34m,[0m [0mX_ed[0m[0;34m.[0m[0mmax[0m[0;34m([0m[0;34m)[0m[0;34m)[0m[0;34m,[0m [0;34m[[0m[0;34m'Inertia'[0m[0;34m,[0m [0;34m'Instability'[0m[0;34m,[0m [0;34m'Variability'[0m[0;34m][0m[0;34m)[0m[0;34m[0m[0;34m[0m[0m
[0m[1;32m      2[0m [0mmin_[0m [0;34m=[0m [0mpd[0m[0;34m.[0m[0mSeries[0m[0;34m([0m[0mmap[0m[0;34m([0m[0;32mlambda[0m [0mx[0m[0;34m:[0m [0mx[0m[0;34m*[0m[0;36m1.2[0m [0;32mif[0m  [0mx[0m [0;34m<[0m [0;36m0[0m [0;32melse[0m [0mx[0m[0;34m*[0m[0;36m0.8[0m[0;34m,[0m [0mX_ed[0m[0;34m.[0m[0mmin[0m[0;34m([0m[0;34m)[0m[0;34m)[0m[0;34m,[0m [0;34m[[0m[0;34m'Inertia'[0m[0;34m,[0m [0;34m'Instability'[0m[0;34m,[0m [0;34m'Variability'[0m[0;34m][0m[0;34m)[0m[0;34m[0m[0;34m[0m[0m

[0;31mTypeError[0m: '>' not supported between instances of 'str' and 'int'
TypeError: '>' not supported between instances of 'str' and 'int'

